
> collegereviewz-client@1.0.0 build
> vite build

[36mvite v4.5.14 [32mbuilding for production...[36m[39m
transforming...
node.exe : [1m[33m[plug
in:vite:dynamic-import-va
rs][39m[22m 
[33minvalid import "./${
collegeInfo.folderName}/$
{componentName}". A file 
extension must be 
included in the static 
part of the import. For 
example: import(`./foo/${
bar}.js`).[39m
At line:1 char:1
+ & "C:\Program 
Files\nodejs/node.exe" 
"C:\Program 
Files\nodejs/node_mo ...
+ ~~~~~~~~~~~~~~~~~~~~~~~
~~~~~~~~~~~~~~~~~~~~~~~~~
~~~~~~~~~~~~~~~~~~~~~
    + CategoryInfo       
       : NotSpecified:   
  ([1m[33m[plugi...b   
 ar}.js`).[39m:Strin    
g) [], RemoteExcepti    
on
    + FullyQualifiedErro 
   rId : NativeCommandE  
  rror
 
[1m[33m[plugin:vite:dyn
amic-import-vars][39m[2
2m [33minvalid import ".
/BE-BTech/Colleges/${coll
egeInfo.folderName}/${col
legeInfo.detailsFolder}/$
{componentName}". A file 
extension must be 
included in the static 
part of the import. For 
example: import(`./foo/${
bar}.js`).[39m
[32mΓ£ô[39m 180 modules transformed.
[32mΓ£ô built in 1.26s[39m
[31mCould not resolve ".
./../../utils/logoUtils" 
from "src/components/Coll
egeLogo.jsx"[39m
file: [36mF:/collegerevi
ewz.com/client/src/compon
ents/CollegeLogo.jsx[39m
[31merror during build:
RollupError: Could not 
resolve "../../../utils/l
ogoUtils" from "src/compo
nents/CollegeLogo.jsx"
    at error (file:///F:/
collegereviewz.com/client
/node_modules/rollup/dist
/es/shared/node-entry.js:
2287:30)
    at ModuleLoader.handl
eInvalidResolvedId (file:
///F:/collegereviewz.com/
client/node_modules/rollu
p/dist/es/shared/node-ent
ry.js:24889:24)
    at file:///F:/college
reviewz.com/client/node_m
odules/rollup/dist/es/sha
red/node-entry.js:24851:2
6[39m
